<?xml version="1.0" encoding="UTF-8"?>
<!-- Generated by org.testng.reporters.JUnitReportReporter -->
<testsuite hostname="INLEN8520062597" failures="0" tests="2" name="tests.YourCartTest" time="14.968" errors="0" timestamp="2022-09-13T14:02:04 IST" skipped="0">
  <testcase classname="tests.YourCartTest" name="clickoncontinue" time="8.271"/>
  <system-out/>
  <testcase classname="tests.YourCartTest" name="clickoncheckout" time="6.697"/>
  <system-out/>
</testsuite> <!-- tests.YourCartTest -->
