<?xml version="1.0" encoding="UTF-8"?>
<!-- Generated by org.testng.reporters.JUnitReportReporter -->
<testsuite hostname="INLEN8520062597" failures="0" tests="2" name="tests.YourCartTest" time="13.163" errors="0" timestamp="2022-09-13T22:05:04 IST" skipped="0">
  <testcase classname="tests.YourCartTest" name="clickoncontinue" time="6.555"/>
  <system-out/>
  <testcase classname="tests.YourCartTest" name="clickoncheckout" time="6.608"/>
  <system-out/>
</testsuite> <!-- tests.YourCartTest -->
