<?xml version="1.0" encoding="UTF-8"?>
<!-- Generated by org.testng.reporters.JUnitReportReporter -->
<testsuite hostname="INLEN8520062597" failures="0" tests="1" name="tests.LoginTest" time="7.532" errors="0" timestamp="2022-09-13T22:05:04 IST" skipped="0">
  <testcase classname="tests.LoginTest" name="LoginWithValidCredentials" time="7.532"/>
  <system-out/>
</testsuite> <!-- tests.LoginTest -->
